[+] Containers:
 |- [+] Container: /Game/Levels/Untitled
 |   |- [+] ActorDescs:
 |   |   |- Guid:03920DF94EEFC9F86CC66185D32A3DA1 BaseClass: NativeClass:/Script/Engine.StaticMeshActor Name:StaticMeshActor_UAID_A4AE111137DC54FB00_1240666663 Label:SM_SkySphere SpatiallyLoaded:0 Bounds:IsValid=true, Min=(X=-1638400.000 Y=-1638400.000 Z=-1638400.000), Max=(X=1638400.000 Y=1638400.000 Z=1638400.000) RuntimeGrid:None EditorOnly:0 RuntimeOnly:0 HLODRelevant:0 ListedInSceneOutliner:1 IsMainWorldOnly:0 FolderPath:Lighting FolderGuid:B7E9BD5B45A652654791988DEF54CCEB
 |   |   |- Guid:1ADD686D4C586892F71ECC8DC68A05C2 BaseClass: NativeClass:/Script/Engine.StaticMeshActor Name:StaticMeshActor_UAID_2CDB0791DC86EB2502_1622329936 Label:Modular_Set_1_Cube_332 SpatiallyLoaded:1 Bounds:IsValid=true, Min=(X=850.000 Y=170.000 Z=878.712), Max=(X=1050.000 Y=370.000 Z=881.288) RuntimeGrid:None EditorOnly:0 RuntimeOnly:0 HLODRelevant:1 ListedInSceneOutliner:1 IsMainWorldOnly:0
 |   |   |- Guid:1DE8D7AC4103A2EABA11649C7FCF8ACA BaseClass: NativeClass:/Script/Engine.SkyLight Name:SkyLight_UAID_A85E45CFE40401D200_1470380759 Label:SkyLight SpatiallyLoaded:0 Bounds:IsValid=true, Min=(X=0.000 Y=0.000 Z=0.000), Max=(X=0.000 Y=0.000 Z=0.000) RuntimeGrid:None EditorOnly:0 RuntimeOnly:0 HLODRelevant:0 ListedInSceneOutliner:1 IsMainWorldOnly:0 FolderPath:Lighting FolderGuid:B7E9BD5B45A652654791988DEF54CCEB
 |   |   |- Guid:218E3B124735712D7EF272B4FB8E7FF6 BaseClass: NativeClass:/Script/Landscape.Landscape Name:Landscape_UAID_A85E45CFE404FBD100_1221515703 Label:Landscape SpatiallyLoaded:0 Bounds:IsValid=true, Min=(X=-100800.000 Y=-100800.000 Z=100.000), Max=(X=-100800.000 Y=-100800.000 Z=100.000) RuntimeGrid:None EditorOnly:0 RuntimeOnly:0 HLODRelevant:0 ListedInSceneOutliner:1 IsMainWorldOnly:0
 |   |   |- Guid:2CE12F874AA39D020A0F4BA5739BD305 BaseClass: NativeClass:/Script/Engine.SkyAtmosphere Name:SkyAtmosphere_UAID_A85E45CFE40401D200_1470382762 Label:SkyAtmosphere SpatiallyLoaded:0 Bounds:IsValid=true, Min=(X=0.000 Y=0.000 Z=0.000), Max=(X=0.000 Y=0.000 Z=0.000) RuntimeGrid:None EditorOnly:0 RuntimeOnly:0 HLODRelevant:0 ListedInSceneOutliner:1 IsMainWorldOnly:0 FolderPath:Lighting FolderGuid:B7E9BD5B45A652654791988DEF54CCEB
 |   |   |- Guid:4F2B305C4046AB86DEA436B804F639AE BaseClass: NativeClass:/Script/Engine.StaticMeshActor Name:StaticMeshActor_UAID_2CDB0791DC86EB2502_1622325935 Label:Modular_Set_1_Cube_331 SpatiallyLoaded:1 Bounds:IsValid=true, Min=(X=850.000 Y=370.000 Z=878.712), Max=(X=1050.000 Y=570.000 Z=881.288) RuntimeGrid:None EditorOnly:0 RuntimeOnly:0 HLODRelevant:1 ListedInSceneOutliner:1 IsMainWorldOnly:0
 |   |   |- Guid:5368FABB47D6D9580DAECA8B0417BF92 BaseClass: NativeClass:/Script/Engine.WorldDataLayers Name:WorldDataLayers Label:WorldDataLayers-1 SpatiallyLoaded:0 Bounds:Invalid RuntimeGrid:None EditorOnly:0 RuntimeOnly:0 HLODRelevant:0 ListedInSceneOutliner:1 IsMainWorldOnly:1
 |   |   |- Guid:6778861B4166479FEFC39DA3E1A56AA5 BaseClass: NativeClass:/Script/Engine.StaticMeshActor Name:StaticMeshActor_UAID_2CDB0791DC86EB2502_1622321934 Label:Modular_Set_1_Cube_330 SpatiallyLoaded:1 Bounds:IsValid=true, Min=(X=850.000 Y=570.000 Z=878.712), Max=(X=1050.000 Y=770.000 Z=881.288) RuntimeGrid:None EditorOnly:0 RuntimeOnly:0 HLODRelevant:1 ListedInSceneOutliner:1 IsMainWorldOnly:0
 |   |   |- Guid:75CDF9DD4CB8023AC7130E82B75EC39E BaseClass: NativeClass:/Script/Engine.StaticMeshActor Name:StaticMeshActor_UAID_2CDB0791DC86EB2502_1652012937 Label:Modular_Set_1_Cube_333 SpatiallyLoaded:1 Bounds:IsValid=true, Min=(X=660.000 Y=570.000 Z=878.712), Max=(X=860.000 Y=770.000 Z=881.288) RuntimeGrid:None EditorOnly:0 RuntimeOnly:0 HLODRelevant:1 ListedInSceneOutliner:1 IsMainWorldOnly:0
 |   |   |- Guid:A6103A9F44EC1378672F61A60C8C37D6 BaseClass: NativeClass:/Script/Engine.StaticMeshActor Name:StaticMeshActor_UAID_2CDB0791DC86EB2502_1652016938 Label:Modular_Set_1_Cube_334 SpatiallyLoaded:1 Bounds:IsValid=true, Min=(X=660.000 Y=370.000 Z=878.712), Max=(X=860.000 Y=570.000 Z=881.288) RuntimeGrid:None EditorOnly:0 RuntimeOnly:0 HLODRelevant:1 ListedInSceneOutliner:1 IsMainWorldOnly:0
 |   |   |- Guid:AAAC6B5742760A58C2206DB37E44683C BaseClass: NativeClass:/Script/Engine.DirectionalLight Name:DirectionalLight_UAID_A85E45CFE40401D200_1470382761 Label:DirectionalLight SpatiallyLoaded:0 Bounds:IsValid=true, Min=(X=-4398046511104.000 Y=-4398046511104.000 Z=-4398046511104.000), Max=(X=4398046511104.000 Y=4398046511104.000 Z=4398046511104.000) RuntimeGrid:None EditorOnly:0 RuntimeOnly:0 HLODRelevant:0 ListedInSceneOutliner:1 IsMainWorldOnly:0 FolderPath:Lighting FolderGuid:B7E9BD5B45A652654791988DEF54CCEB
 |   |   |- Guid:BE2F56914AB1C54AB476659643554454 BaseClass: NativeClass:/Script/Engine.PlayerStart Name:PlayerStart_UAID_2CDB0791DC86B62402_1081804545 Label:PlayerStart SpatiallyLoaded:0 Bounds:IsValid=true, Min=(X=710.000 Y=445.000 Z=885.000), Max=(X=790.000 Y=525.000 Z=1069.000) RuntimeGrid:None EditorOnly:0 RuntimeOnly:0 HLODRelevant:0 ListedInSceneOutliner:1 IsMainWorldOnly:0
 |   |   |- Guid:C629912741BAE29786CD6D9F11D338B1 BaseClass: NativeClass:/Script/Engine.StaticMeshActor Name:StaticMeshActor_UAID_2CDB0791DC86EB2502_1309752931 Label:Modular_Set_1_Cube_327 SpatiallyLoaded:1 Bounds:IsValid=true, Min=(X=1033.712 Y=170.000 Z=880.000), Max=(X=1036.288 Y=370.000 Z=1080.000) RuntimeGrid:None EditorOnly:0 RuntimeOnly:0 HLODRelevant:1 ListedInSceneOutliner:1 IsMainWorldOnly:0
 |   |   |- Guid:D3FB7383421AAEFD3DB6F8B1E415A9FE BaseClass: NativeClass:/Script/Engine.ExponentialHeightFog Name:ExponentialHeightFog_UAID_A85E45CFE40401D200_1470382763 Label:ExponentialHeightFog SpatiallyLoaded:0 Bounds:IsValid=true, Min=(X=0.000 Y=0.000 Z=0.000), Max=(X=0.000 Y=0.000 Z=0.000) RuntimeGrid:None EditorOnly:0 RuntimeOnly:0 HLODRelevant:0 ListedInSceneOutliner:1 IsMainWorldOnly:0 FolderPath:Lighting FolderGuid:B7E9BD5B45A652654791988DEF54CCEB
 |   |   |- Guid:DB692585465694A991472C9A112787E2 BaseClass: NativeClass:/Script/Engine.StaticMeshActor Name:StaticMeshActor_UAID_2CDB0791DC86EB2502_1652019939 Label:Modular_Set_1_Cube_335 SpatiallyLoaded:1 Bounds:IsValid=true, Min=(X=660.000 Y=170.000 Z=878.712), Max=(X=860.000 Y=370.000 Z=881.288) RuntimeGrid:None EditorOnly:0 RuntimeOnly:0 HLODRelevant:1 ListedInSceneOutliner:1 IsMainWorldOnly:0
 |   |   |- Guid:DF06E4D3495C2299DBFB8D8284768024 BaseClass: NativeClass:/Script/Engine.StaticMeshActor Name:StaticMeshActor_UAID_2CDB0791DC86EB2502_1357328932 Label:Modular_Set_1_Cube_328 SpatiallyLoaded:1 Bounds:IsValid=true, Min=(X=1033.712 Y=370.000 Z=880.000), Max=(X=1036.288 Y=570.000 Z=1080.000) RuntimeGrid:None EditorOnly:0 RuntimeOnly:0 HLODRelevant:1 ListedInSceneOutliner:1 IsMainWorldOnly:0
 |   |   |- Guid:E064691A4DBEF999B86591AD3382C5B7 BaseClass: NativeClass:/Script/Engine.StaticMeshActor Name:StaticMeshActor_UAID_2CDB0791DC86EB2502_1360555933 Label:Modular_Set_1_Cube_329 SpatiallyLoaded:1 Bounds:IsValid=true, Min=(X=1033.712 Y=570.000 Z=880.000), Max=(X=1036.288 Y=770.000 Z=1080.000) RuntimeGrid:None EditorOnly:0 RuntimeOnly:0 HLODRelevant:1 ListedInSceneOutliner:1 IsMainWorldOnly:0
 |   |- [+] Clusters:
 |   |   |- [+] [  0]
 |   |   |   |- Guid:03920DF94EEFC9F86CC66185D32A3DA1 BaseClass: NativeClass:/Script/Engine.StaticMeshActor Name:StaticMeshActor_UAID_A4AE111137DC54FB00_1240666663 Label:SM_SkySphere SpatiallyLoaded:0 Bounds:IsValid=true, Min=(X=-1638400.000 Y=-1638400.000 Z=-1638400.000), Max=(X=1638400.000 Y=1638400.000 Z=1638400.000) RuntimeGrid:None EditorOnly:0 RuntimeOnly:0 HLODRelevant:0 ListedInSceneOutliner:1 IsMainWorldOnly:0 FolderPath:Lighting FolderGuid:B7E9BD5B45A652654791988DEF54CCEB
 |   |   |- [+] [  1]
 |   |   |   |- Guid:1ADD686D4C586892F71ECC8DC68A05C2 BaseClass: NativeClass:/Script/Engine.StaticMeshActor Name:StaticMeshActor_UAID_2CDB0791DC86EB2502_1622329936 Label:Modular_Set_1_Cube_332 SpatiallyLoaded:1 Bounds:IsValid=true, Min=(X=850.000 Y=170.000 Z=878.712), Max=(X=1050.000 Y=370.000 Z=881.288) RuntimeGrid:None EditorOnly:0 RuntimeOnly:0 HLODRelevant:1 ListedInSceneOutliner:1 IsMainWorldOnly:0
 |   |   |- [+] [  2]
 |   |   |   |- Guid:1DE8D7AC4103A2EABA11649C7FCF8ACA BaseClass: NativeClass:/Script/Engine.SkyLight Name:SkyLight_UAID_A85E45CFE40401D200_1470380759 Label:SkyLight SpatiallyLoaded:0 Bounds:IsValid=true, Min=(X=0.000 Y=0.000 Z=0.000), Max=(X=0.000 Y=0.000 Z=0.000) RuntimeGrid:None EditorOnly:0 RuntimeOnly:0 HLODRelevant:0 ListedInSceneOutliner:1 IsMainWorldOnly:0 FolderPath:Lighting FolderGuid:B7E9BD5B45A652654791988DEF54CCEB
 |   |   |- [+] [  3]
 |   |   |   |- Guid:218E3B124735712D7EF272B4FB8E7FF6 BaseClass: NativeClass:/Script/Landscape.Landscape Name:Landscape_UAID_A85E45CFE404FBD100_1221515703 Label:Landscape SpatiallyLoaded:0 Bounds:IsValid=true, Min=(X=-100800.000 Y=-100800.000 Z=100.000), Max=(X=-100800.000 Y=-100800.000 Z=100.000) RuntimeGrid:None EditorOnly:0 RuntimeOnly:0 HLODRelevant:0 ListedInSceneOutliner:1 IsMainWorldOnly:0
 |   |   |- [+] [  4]
 |   |   |   |- Guid:2CE12F874AA39D020A0F4BA5739BD305 BaseClass: NativeClass:/Script/Engine.SkyAtmosphere Name:SkyAtmosphere_UAID_A85E45CFE40401D200_1470382762 Label:SkyAtmosphere SpatiallyLoaded:0 Bounds:IsValid=true, Min=(X=0.000 Y=0.000 Z=0.000), Max=(X=0.000 Y=0.000 Z=0.000) RuntimeGrid:None EditorOnly:0 RuntimeOnly:0 HLODRelevant:0 ListedInSceneOutliner:1 IsMainWorldOnly:0 FolderPath:Lighting FolderGuid:B7E9BD5B45A652654791988DEF54CCEB
 |   |   |- [+] [  5]
 |   |   |   |- Guid:4F2B305C4046AB86DEA436B804F639AE BaseClass: NativeClass:/Script/Engine.StaticMeshActor Name:StaticMeshActor_UAID_2CDB0791DC86EB2502_1622325935 Label:Modular_Set_1_Cube_331 SpatiallyLoaded:1 Bounds:IsValid=true, Min=(X=850.000 Y=370.000 Z=878.712), Max=(X=1050.000 Y=570.000 Z=881.288) RuntimeGrid:None EditorOnly:0 RuntimeOnly:0 HLODRelevant:1 ListedInSceneOutliner:1 IsMainWorldOnly:0
 |   |   |- [+] [  6]
 |   |   |   |- Guid:5368FABB47D6D9580DAECA8B0417BF92 BaseClass: NativeClass:/Script/Engine.WorldDataLayers Name:WorldDataLayers Label:WorldDataLayers-1 SpatiallyLoaded:0 Bounds:Invalid RuntimeGrid:None EditorOnly:0 RuntimeOnly:0 HLODRelevant:0 ListedInSceneOutliner:1 IsMainWorldOnly:1
 |   |   |- [+] [  7]
 |   |   |   |- Guid:6778861B4166479FEFC39DA3E1A56AA5 BaseClass: NativeClass:/Script/Engine.StaticMeshActor Name:StaticMeshActor_UAID_2CDB0791DC86EB2502_1622321934 Label:Modular_Set_1_Cube_330 SpatiallyLoaded:1 Bounds:IsValid=true, Min=(X=850.000 Y=570.000 Z=878.712), Max=(X=1050.000 Y=770.000 Z=881.288) RuntimeGrid:None EditorOnly:0 RuntimeOnly:0 HLODRelevant:1 ListedInSceneOutliner:1 IsMainWorldOnly:0
 |   |   |- [+] [  8]
 |   |   |   |- Guid:75CDF9DD4CB8023AC7130E82B75EC39E BaseClass: NativeClass:/Script/Engine.StaticMeshActor Name:StaticMeshActor_UAID_2CDB0791DC86EB2502_1652012937 Label:Modular_Set_1_Cube_333 SpatiallyLoaded:1 Bounds:IsValid=true, Min=(X=660.000 Y=570.000 Z=878.712), Max=(X=860.000 Y=770.000 Z=881.288) RuntimeGrid:None EditorOnly:0 RuntimeOnly:0 HLODRelevant:1 ListedInSceneOutliner:1 IsMainWorldOnly:0
 |   |   |- [+] [  9]
 |   |   |   |- Guid:A6103A9F44EC1378672F61A60C8C37D6 BaseClass: NativeClass:/Script/Engine.StaticMeshActor Name:StaticMeshActor_UAID_2CDB0791DC86EB2502_1652016938 Label:Modular_Set_1_Cube_334 SpatiallyLoaded:1 Bounds:IsValid=true, Min=(X=660.000 Y=370.000 Z=878.712), Max=(X=860.000 Y=570.000 Z=881.288) RuntimeGrid:None EditorOnly:0 RuntimeOnly:0 HLODRelevant:1 ListedInSceneOutliner:1 IsMainWorldOnly:0
 |   |   |- [+] [ 10]
 |   |   |   |- Guid:AAAC6B5742760A58C2206DB37E44683C BaseClass: NativeClass:/Script/Engine.DirectionalLight Name:DirectionalLight_UAID_A85E45CFE40401D200_1470382761 Label:DirectionalLight SpatiallyLoaded:0 Bounds:IsValid=true, Min=(X=-4398046511104.000 Y=-4398046511104.000 Z=-4398046511104.000), Max=(X=4398046511104.000 Y=4398046511104.000 Z=4398046511104.000) RuntimeGrid:None EditorOnly:0 RuntimeOnly:0 HLODRelevant:0 ListedInSceneOutliner:1 IsMainWorldOnly:0 FolderPath:Lighting FolderGuid:B7E9BD5B45A652654791988DEF54CCEB
 |   |   |- [+] [ 11]
 |   |   |   |- Guid:BE2F56914AB1C54AB476659643554454 BaseClass: NativeClass:/Script/Engine.PlayerStart Name:PlayerStart_UAID_2CDB0791DC86B62402_1081804545 Label:PlayerStart SpatiallyLoaded:0 Bounds:IsValid=true, Min=(X=710.000 Y=445.000 Z=885.000), Max=(X=790.000 Y=525.000 Z=1069.000) RuntimeGrid:None EditorOnly:0 RuntimeOnly:0 HLODRelevant:0 ListedInSceneOutliner:1 IsMainWorldOnly:0
 |   |   |- [+] [ 12]
 |   |   |   |- Guid:C629912741BAE29786CD6D9F11D338B1 BaseClass: NativeClass:/Script/Engine.StaticMeshActor Name:StaticMeshActor_UAID_2CDB0791DC86EB2502_1309752931 Label:Modular_Set_1_Cube_327 SpatiallyLoaded:1 Bounds:IsValid=true, Min=(X=1033.712 Y=170.000 Z=880.000), Max=(X=1036.288 Y=370.000 Z=1080.000) RuntimeGrid:None EditorOnly:0 RuntimeOnly:0 HLODRelevant:1 ListedInSceneOutliner:1 IsMainWorldOnly:0
 |   |   |- [+] [ 13]
 |   |   |   |- Guid:D3FB7383421AAEFD3DB6F8B1E415A9FE BaseClass: NativeClass:/Script/Engine.ExponentialHeightFog Name:ExponentialHeightFog_UAID_A85E45CFE40401D200_1470382763 Label:ExponentialHeightFog SpatiallyLoaded:0 Bounds:IsValid=true, Min=(X=0.000 Y=0.000 Z=0.000), Max=(X=0.000 Y=0.000 Z=0.000) RuntimeGrid:None EditorOnly:0 RuntimeOnly:0 HLODRelevant:0 ListedInSceneOutliner:1 IsMainWorldOnly:0 FolderPath:Lighting FolderGuid:B7E9BD5B45A652654791988DEF54CCEB
 |   |   |- [+] [ 14]
 |   |   |   |- Guid:DB692585465694A991472C9A112787E2 BaseClass: NativeClass:/Script/Engine.StaticMeshActor Name:StaticMeshActor_UAID_2CDB0791DC86EB2502_1652019939 Label:Modular_Set_1_Cube_335 SpatiallyLoaded:1 Bounds:IsValid=true, Min=(X=660.000 Y=170.000 Z=878.712), Max=(X=860.000 Y=370.000 Z=881.288) RuntimeGrid:None EditorOnly:0 RuntimeOnly:0 HLODRelevant:1 ListedInSceneOutliner:1 IsMainWorldOnly:0
 |   |   |- [+] [ 15]
 |   |   |   |- Guid:DF06E4D3495C2299DBFB8D8284768024 BaseClass: NativeClass:/Script/Engine.StaticMeshActor Name:StaticMeshActor_UAID_2CDB0791DC86EB2502_1357328932 Label:Modular_Set_1_Cube_328 SpatiallyLoaded:1 Bounds:IsValid=true, Min=(X=1033.712 Y=370.000 Z=880.000), Max=(X=1036.288 Y=570.000 Z=1080.000) RuntimeGrid:None EditorOnly:0 RuntimeOnly:0 HLODRelevant:1 ListedInSceneOutliner:1 IsMainWorldOnly:0
 |   |   |- [+] [ 16]
 |   |   |   |- Guid:E064691A4DBEF999B86591AD3382C5B7 BaseClass: NativeClass:/Script/Engine.StaticMeshActor Name:StaticMeshActor_UAID_2CDB0791DC86EB2502_1360555933 Label:Modular_Set_1_Cube_329 SpatiallyLoaded:1 Bounds:IsValid=true, Min=(X=1033.712 Y=570.000 Z=880.000), Max=(X=1036.288 Y=770.000 Z=1080.000) RuntimeGrid:None EditorOnly:0 RuntimeOnly:0 HLODRelevant:1 ListedInSceneOutliner:1 IsMainWorldOnly:0
 |- ContainerInstances:
 |- [+] MainContainer:
 |   |-        ID: 00000000000000000000000000000000
 |   |-  ParentID: 00000000000000000000000000000000
 |   |-    Bounds: IsValid=true, Min=(X=660.000 Y=170.000 Z=878.712), Max=(X=1050.000 Y=770.000 Z=1080.000)
 |   |- Transform: 0.000000,0.000000,0.000000|0.000000,0.000000,-0.000000|1.000000,1.000000,1.000000
 |   |- Container: /Game/Levels/Untitled
----------------------------------------------------------------------------------------------------------------
Untitled - Persistent Level
----------------------------------------------------------------------------------------------------------------
[+] Content of Untitled Persistent Level
 |- Always loaded Actor Count: 23 
 |- Actor Path: /Game/Levels/Untitled.Untitled:PersistentLevel.AbstractNavData-Default
 |- Actor Package: /Game/Levels/Untitled
 |- Actor Path: /Game/Levels/Untitled.Untitled:PersistentLevel.Brush_0
 |- Actor Package: /Game/Levels/Untitled
 |- Actor Path: /Game/Levels/Untitled.Untitled:PersistentLevel.DefaultPhysicsVolume_0
 |- Actor Package: /Game/Levels/Untitled
 |- Actor Path: /Game/Levels/Untitled.Untitled:PersistentLevel.DirectionalLight_UAID_A85E45CFE40401D200_1470382761
 |- Actor Package: /Game/__ExternalActors__/Levels/Untitled/3/5H/2U2YUUESJ2Q9AXYVHSP7NA
 |- Actor Path: /Game/Levels/Untitled.Untitled:PersistentLevel.ExponentialHeightFog_UAID_A85E45CFE40401D200_1470382763
 |- Actor Package: /Game/__ExternalActors__/Levels/Untitled/6/4T/SPMMPHLAD9IJZZIN2K5P73
 |- Actor Path: /Game/Levels/Untitled.Untitled:PersistentLevel.GameplayDebuggerPlayerManager_0
 |- Actor Package: /Game/Levels/Untitled
 |- Actor Path: /Game/Levels/Untitled.Untitled:PersistentLevel.Landscape_UAID_A85E45CFE404FBD100_1221515703
 |- Actor Package: /Game/__ExternalActors__/Levels/Untitled/7/US/LHPEW3WZFEZRQSUO4JHD3S
 |- Actor Path: /Game/Levels/Untitled.Untitled:PersistentLevel.PlayerStart_UAID_2CDB0791DC86B62402_1081804545
 |- Actor Package: /Game/__ExternalActors__/Levels/Untitled/A/6Q/P7UAC75OI29BSFUX19L0VT
 |- Actor Path: /Game/Levels/Untitled.Untitled:PersistentLevel.SkyAtmosphere_UAID_A85E45CFE40401D200_1470382762
 |- Actor Package: /Game/__ExternalActors__/Levels/Untitled/E/NY/ZG0JW5RDQJMV9W7J1W02L2
 |- Actor Path: /Game/Levels/Untitled.Untitled:PersistentLevel.SkyLight_UAID_A85E45CFE40401D200_1470380759
 |- Actor Package: /Game/__ExternalActors__/Levels/Untitled/3/MM/FGXX2P0WO2JUZYOKOH02NL
 |- Actor Path: /Game/Levels/Untitled.Untitled:PersistentLevel.StaticMeshActor_UAID_2CDB0791DC86EB2502_1309752931
 |- Actor Package: /Game/__ExternalActors__/Levels/Untitled/4/EQ/52XBGR583DJPML5UETT6I0
 |- Actor Path: /Game/Levels/Untitled.Untitled:PersistentLevel.StaticMeshActor_UAID_2CDB0791DC86EB2502_1357328932
 |- Actor Package: /Game/__ExternalActors__/Levels/Untitled/C/TN/RITNHN3LSGJWDGLS3MMOX4
 |- Actor Path: /Game/Levels/Untitled.Untitled:PersistentLevel.StaticMeshActor_UAID_2CDB0791DC86EB2502_1360555933
 |- Actor Package: /Game/__ExternalActors__/Levels/Untitled/2/1K/YK46D2NTDRWQKUDO3YE6MK
 |- Actor Path: /Game/Levels/Untitled.Untitled:PersistentLevel.StaticMeshActor_UAID_2CDB0791DC86EB2502_1622321934
 |- Actor Package: /Game/__ExternalActors__/Levels/Untitled/B/0P/SPJ3YM6J5TQAI7IBR3NEC6
 |- Actor Path: /Game/Levels/Untitled.Untitled:PersistentLevel.StaticMeshActor_UAID_2CDB0791DC86EB2502_1622325935
 |- Actor Package: /Game/__ExternalActors__/Levels/Untitled/7/4N/M0PVCWA5RY0BS1XM6FCCVG
 |- Actor Path: /Game/Levels/Untitled.Untitled:PersistentLevel.StaticMeshActor_UAID_2CDB0791DC86EB2502_1622329936
 |- Actor Package: /Game/__ExternalActors__/Levels/Untitled/9/7J/3TEK0QS1UR96TIDFZYVTOW
 |- Actor Path: /Game/Levels/Untitled.Untitled:PersistentLevel.StaticMeshActor_UAID_2CDB0791DC86EB2502_1652012937
 |- Actor Package: /Game/__ExternalActors__/Levels/Untitled/C/DI/1WS8SAI8HRIR1HESJ82R63
 |- Actor Path: /Game/Levels/Untitled.Untitled:PersistentLevel.StaticMeshActor_UAID_2CDB0791DC86EB2502_1652016938
 |- Actor Package: /Game/__ExternalActors__/Levels/Untitled/1/KO/PG65CMWTC7DQMV5ZOJURCU
 |- Actor Path: /Game/Levels/Untitled.Untitled:PersistentLevel.StaticMeshActor_UAID_2CDB0791DC86EB2502_1652019939
 |- Actor Package: /Game/__ExternalActors__/Levels/Untitled/0/CS/XBABGTE04W0PLYCKNZYUS6
 |- Actor Path: /Game/Levels/Untitled.Untitled:PersistentLevel.StaticMeshActor_UAID_A4AE111137DC54FB00_1240666663
 |- Actor Package: /Game/__ExternalActors__/Levels/Untitled/3/3Z/A4I71DEDBPUPPLCAVWMXEF
 |- Actor Path: /Game/Levels/Untitled.Untitled:PersistentLevel.WorldDataLayers
 |- Actor Package: /Game/__ExternalActors__/Levels/Untitled/9/7W/EZUS3X672IL2HTQ71BS0Q5
 |- Actor Path: /Game/Levels/Untitled.Untitled:PersistentLevel.WorldPartitionMiniMap_UAID_3497F631D5890DD300_1296925927
 |- Actor Package: /Game/__ExternalActors__/Levels/Untitled/7/F7/D5410V1TOQ6KD3M8YP1Z0Z
 |- Actor Path: /Game/Levels/Untitled.Untitled:PersistentLevel.WorldSettings
 |- Actor Package: /Game/Levels/Untitled

----------------------------------------------------------------------------------------------------------------
Untitled - Runtime Spatial Hash - Streaming Grid - MainGrid
----------------------------------------------------------------------------------------------------------------
            Origin: X=0.000 Y=0.000 Z=0.000
         Cell Size: 25600
      World Bounds: IsValid=true, Min=(X=660.000 Y=170.000 Z=878.712), Max=(X=1050.000 Y=770.000 Z=1080.000)
     Loading Range: 76800.00
Block Slow Loading: No
 ClientOnlyVisible: No
            Origin: X=0.000 Y=0.000 Z=0.000

[+] Grid Levels: 2
 |- Level  0: Cell Count    1 | Cell Size   25600 | Actor Count    9 (100.0%)
 |- Level  1: Cell Count    0 | Cell Size   51200 | Actor Count    0 (0.0%)

[+] Content of Grid Level 0
 |- [+] Content of Cell Untitled_MainGrid_L0_X0_Y0 (0379JOXNFT79BP09JKJZD5RE0)
 |   |- Actor Count: 9
 |   |-          Actor Path: /Game/Levels/Untitled.Untitled:PersistentLevel.StaticMeshActor_UAID_2CDB0791DC86EB2502_1622329936
 |   |-       Actor Package: /Game/__ExternalActors__/Levels/Untitled/9/7J/3TEK0QS1UR96TIDFZYVTOW
 |   |- Actor Instance Guid: 1ADD686D4C586892F71ECC8DC68A05C2
 |   |-          Actor Path: /Game/Levels/Untitled.Untitled:PersistentLevel.StaticMeshActor_UAID_2CDB0791DC86EB2502_1622325935
 |   |-       Actor Package: /Game/__ExternalActors__/Levels/Untitled/7/4N/M0PVCWA5RY0BS1XM6FCCVG
 |   |- Actor Instance Guid: 4F2B305C4046AB86DEA436B804F639AE
 |   |-          Actor Path: /Game/Levels/Untitled.Untitled:PersistentLevel.StaticMeshActor_UAID_2CDB0791DC86EB2502_1622321934
 |   |-       Actor Package: /Game/__ExternalActors__/Levels/Untitled/B/0P/SPJ3YM6J5TQAI7IBR3NEC6
 |   |- Actor Instance Guid: 6778861B4166479FEFC39DA3E1A56AA5
 |   |-          Actor Path: /Game/Levels/Untitled.Untitled:PersistentLevel.StaticMeshActor_UAID_2CDB0791DC86EB2502_1652012937
 |   |-       Actor Package: /Game/__ExternalActors__/Levels/Untitled/C/DI/1WS8SAI8HRIR1HESJ82R63
 |   |- Actor Instance Guid: 75CDF9DD4CB8023AC7130E82B75EC39E
 |   |-          Actor Path: /Game/Levels/Untitled.Untitled:PersistentLevel.StaticMeshActor_UAID_2CDB0791DC86EB2502_1652016938
 |   |-       Actor Package: /Game/__ExternalActors__/Levels/Untitled/1/KO/PG65CMWTC7DQMV5ZOJURCU
 |   |- Actor Instance Guid: A6103A9F44EC1378672F61A60C8C37D6
 |   |-          Actor Path: /Game/Levels/Untitled.Untitled:PersistentLevel.StaticMeshActor_UAID_2CDB0791DC86EB2502_1309752931
 |   |-       Actor Package: /Game/__ExternalActors__/Levels/Untitled/4/EQ/52XBGR583DJPML5UETT6I0
 |   |- Actor Instance Guid: C629912741BAE29786CD6D9F11D338B1
 |   |-          Actor Path: /Game/Levels/Untitled.Untitled:PersistentLevel.StaticMeshActor_UAID_2CDB0791DC86EB2502_1652019939
 |   |-       Actor Package: /Game/__ExternalActors__/Levels/Untitled/0/CS/XBABGTE04W0PLYCKNZYUS6
 |   |- Actor Instance Guid: DB692585465694A991472C9A112787E2
 |   |-          Actor Path: /Game/Levels/Untitled.Untitled:PersistentLevel.StaticMeshActor_UAID_2CDB0791DC86EB2502_1357328932
 |   |-       Actor Package: /Game/__ExternalActors__/Levels/Untitled/C/TN/RITNHN3LSGJWDGLS3MMOX4
 |   |- Actor Instance Guid: DF06E4D3495C2299DBFB8D8284768024
 |   |-          Actor Path: /Game/Levels/Untitled.Untitled:PersistentLevel.StaticMeshActor_UAID_2CDB0791DC86EB2502_1360555933
 |   |-       Actor Package: /Game/__ExternalActors__/Levels/Untitled/2/1K/YK46D2NTDRWQKUDO3YE6MK
 |   |- Actor Instance Guid: E064691A4DBEF999B86591AD3382C5B7
[+] Content of Grid Level 1

