[+] Containers:
 |- [+] Container: /Game/Levels/Untitled
 |   |- [+] ActorDescs:
 |   |   |- Guid:03920DF94EEFC9F86CC66185D32A3DA1 BaseClass: NativeClass:/Script/Engine.StaticMeshActor Name:StaticMeshActor_UAID_A4AE111137DC54FB00_1240666663 Label:SM_SkySphere SpatiallyLoaded:0 Bounds:IsValid=true, Min=(X=-1638400.000 Y=-1638400.000 Z=-1638400.000), Max=(X=1638400.000 Y=1638400.000 Z=1638400.000) RuntimeGrid:None EditorOnly:0 RuntimeOnly:0 HLODRelevant:0 ListedInSceneOutliner:1 IsMainWorldOnly:0 FolderPath:Lighting FolderGuid:B7E9BD5B45A652654791988DEF54CCEB
 |   |   |- Guid:04C94C9F4750ABE3EEE7EFA4235EA4FD BaseClass: NativeClass:/Script/Engine.StaticMeshActor Name:StaticMeshActor_UAID_2CDB0791DC86532402_1295455122 Label:Modular_Set_1_Cube_168 SpatiallyLoaded:1 Bounds:IsValid=true, Min=(X=-220.767 Y=-479.784 Z=-20.771), Max=(X=220.767 Y=-38.216 Z=20.771) RuntimeGrid:None EditorOnly:0 RuntimeOnly:0 HLODRelevant:1 ListedInSceneOutliner:1 IsMainWorldOnly:0
 |   |   |- Guid:0525B4E24000442CC035AE97865CBF3F BaseClass: NativeClass:/Script/Engine.SpotLight Name:SpotLight_UAID_18C04D8E453CB12302_1578086623 Label:SpotLight SpatiallyLoaded:1 Bounds:IsValid=true, Min=(X=-586.842 Y=-962.704 Z=-604.989), Max=(X=547.586 Y=171.725 Z=529.439) RuntimeGrid:None EditorOnly:0 RuntimeOnly:0 HLODRelevant:0 ListedInSceneOutliner:1 IsMainWorldOnly:0
 |   |   |- Guid:14FB03664D18634205773E9B4078E185 BaseClass: NativeClass:/Script/Engine.StaticMeshActor Name:StaticMeshActor_UAID_2CDB0791DC86542402_1248647304 Label:Modular_Set_1_Cube_174 SpatiallyLoaded:1 Bounds:IsValid=true, Min=(X=220.233 Y=400.216 Z=-20.771), Max=(X=661.767 Y=841.784 Z=20.771) RuntimeGrid:None EditorOnly:0 RuntimeOnly:0 HLODRelevant:1 ListedInSceneOutliner:1 IsMainWorldOnly:0
 |   |   |- Guid:163D47644C0EB8F9A19D8D9AC7C4730C BaseClass: NativeClass:/Script/Engine.StaticMeshActor Name:StaticMeshActor_UAID_2CDB0791DC86542402_1248639303 Label:Modular_Set_1_Cube_173 SpatiallyLoaded:1 Bounds:IsValid=true, Min=(X=-220.767 Y=842.216 Z=-20.771), Max=(X=220.767 Y=1283.784 Z=20.771) RuntimeGrid:None EditorOnly:0 RuntimeOnly:0 HLODRelevant:1 ListedInSceneOutliner:1 IsMainWorldOnly:0
 |   |   |- Guid:1DE8D7AC4103A2EABA11649C7FCF8ACA BaseClass: NativeClass:/Script/Engine.SkyLight Name:SkyLight_UAID_A85E45CFE40401D200_1470380759 Label:SkyLight SpatiallyLoaded:0 Bounds:IsValid=true, Min=(X=0.000 Y=0.000 Z=0.000), Max=(X=0.000 Y=0.000 Z=0.000) RuntimeGrid:None EditorOnly:0 RuntimeOnly:0 HLODRelevant:0 ListedInSceneOutliner:1 IsMainWorldOnly:0 FolderPath:Lighting FolderGuid:B7E9BD5B45A652654791988DEF54CCEB
 |   |   |- Guid:218E3B124735712D7EF272B4FB8E7FF6 BaseClass: NativeClass:/Script/Landscape.Landscape Name:Landscape_UAID_A85E45CFE404FBD100_1221515703 Label:Landscape SpatiallyLoaded:0 Bounds:IsValid=true, Min=(X=-100800.000 Y=-100800.000 Z=100.000), Max=(X=-100800.000 Y=-100800.000 Z=100.000) RuntimeGrid:None EditorOnly:0 RuntimeOnly:0 HLODRelevant:0 ListedInSceneOutliner:1 IsMainWorldOnly:0
 |   |   |- Guid:2C9D4913408ABD3464D918A1685E7C08 BaseClass: NativeClass:/Script/Engine.StaticMeshActor Name:StaticMeshActor_UAID_2CDB0791DC86542402_1259139307 Label:Modular_Set_1_Cube_177 SpatiallyLoaded:1 Bounds:IsValid=true, Min=(X=649.233 Y=-37.784 Z=-20.771), Max=(X=1090.767 Y=403.784 Z=20.771) RuntimeGrid:None EditorOnly:0 RuntimeOnly:0 HLODRelevant:1 ListedInSceneOutliner:1 IsMainWorldOnly:0
 |   |   |- Guid:2CE12F874AA39D020A0F4BA5739BD305 BaseClass: NativeClass:/Script/Engine.SkyAtmosphere Name:SkyAtmosphere_UAID_A85E45CFE40401D200_1470382762 Label:SkyAtmosphere SpatiallyLoaded:0 Bounds:IsValid=true, Min=(X=0.000 Y=0.000 Z=0.000), Max=(X=0.000 Y=0.000 Z=0.000) RuntimeGrid:None EditorOnly:0 RuntimeOnly:0 HLODRelevant:0 ListedInSceneOutliner:1 IsMainWorldOnly:0 FolderPath:Lighting FolderGuid:B7E9BD5B45A652654791988DEF54CCEB
 |   |   |- Guid:2E5E023E4BF02D02CACD2A9286E4DF6F BaseClass: NativeClass:/Script/Engine.StaticMeshActor Name:StaticMeshActor_UAID_2CDB0791DC86542402_1205296301 Label:Modular_Set_1_Cube_171 SpatiallyLoaded:1 Bounds:IsValid=true, Min=(X=220.233 Y=-37.784 Z=-20.771), Max=(X=661.767 Y=403.784 Z=20.771) RuntimeGrid:None EditorOnly:0 RuntimeOnly:0 HLODRelevant:1 ListedInSceneOutliner:1 IsMainWorldOnly:0
 |   |   |- Guid:4173A73D45A20ED7C7D53283C68C376A BaseClass: NativeClass:/Script/Engine.StaticMeshActor Name:StaticMeshActor_UAID_2CDB0791DC86542402_1259163312 Label:Modular_Set_1_Cube_182 SpatiallyLoaded:1 Bounds:IsValid=true, Min=(X=1090.233 Y=400.216 Z=-20.771), Max=(X=1531.767 Y=841.784 Z=20.771) RuntimeGrid:None EditorOnly:0 RuntimeOnly:0 HLODRelevant:1 ListedInSceneOutliner:1 IsMainWorldOnly:0
 |   |   |- Guid:470EF80A423457FA5189C6A4C4496140 BaseClass: NativeClass:/Script/Engine.StaticMeshActor Name:StaticMeshActor_UAID_2CDB0791DC86542402_1248613302 Label:Modular_Set_1_Cube_172 SpatiallyLoaded:1 Bounds:IsValid=true, Min=(X=-220.767 Y=400.216 Z=-20.771), Max=(X=220.767 Y=841.784 Z=20.771) RuntimeGrid:None EditorOnly:0 RuntimeOnly:0 HLODRelevant:1 ListedInSceneOutliner:1 IsMainWorldOnly:0
 |   |   |- Guid:5368FABB47D6D9580DAECA8B0417BF92 BaseClass: NativeClass:/Script/Engine.WorldDataLayers Name:WorldDataLayers Label:WorldDataLayers-1 SpatiallyLoaded:0 Bounds:Invalid RuntimeGrid:None EditorOnly:0 RuntimeOnly:0 HLODRelevant:0 ListedInSceneOutliner:1 IsMainWorldOnly:1
 |   |   |- Guid:5C1414DC49803D58E7547E9711B9CDE2 BaseClass: NativeClass:/Script/Engine.StaticMeshActor Name:StaticMeshActor_UAID_2CDB0791DC86542402_1259133306 Label:Modular_Set_1_Cube_176 SpatiallyLoaded:1 Bounds:IsValid=true, Min=(X=649.233 Y=-479.784 Z=-20.771), Max=(X=1090.767 Y=-38.216 Z=20.771) RuntimeGrid:None EditorOnly:0 RuntimeOnly:0 HLODRelevant:1 ListedInSceneOutliner:1 IsMainWorldOnly:0
 |   |   |- Guid:61AD65A848BDCEAB8D9406B8D9B466DE BaseClass: NativeClass:/Script/Engine.StaticMeshActor Name:StaticMeshActor_UAID_2CDB0791DC86542402_1259147309 Label:Modular_Set_1_Cube_179 SpatiallyLoaded:1 Bounds:IsValid=true, Min=(X=1090.233 Y=-37.784 Z=-20.771), Max=(X=1531.767 Y=403.784 Z=20.771) RuntimeGrid:None EditorOnly:0 RuntimeOnly:0 HLODRelevant:1 ListedInSceneOutliner:1 IsMainWorldOnly:0
 |   |   |- Guid:6321C1FF45050AF461CB28A1AC1214B0 BaseClass: NativeClass:/Script/Engine.StaticMeshActor Name:StaticMeshActor_UAID_2CDB0791DC86542402_1248649305 Label:Modular_Set_1_Cube_175 SpatiallyLoaded:1 Bounds:IsValid=true, Min=(X=220.233 Y=842.216 Z=-20.771), Max=(X=661.767 Y=1283.784 Z=20.771) RuntimeGrid:None EditorOnly:0 RuntimeOnly:0 HLODRelevant:1 ListedInSceneOutliner:1 IsMainWorldOnly:0
 |   |   |- Guid:826BE4BA4F95D9E46B4F6EB0C679A453 BaseClass: NativeClass:/Script/Engine.StaticMeshActor Name:StaticMeshActor_UAID_2CDB0791DC86542402_1205293300 Label:Modular_Set_1_Cube_170 SpatiallyLoaded:1 Bounds:IsValid=true, Min=(X=220.233 Y=-479.784 Z=-20.771), Max=(X=661.767 Y=-38.216 Z=20.771) RuntimeGrid:None EditorOnly:0 RuntimeOnly:0 HLODRelevant:1 ListedInSceneOutliner:1 IsMainWorldOnly:0
 |   |   |- Guid:8FB8F6A8404812E38C3304BC3D953E8A BaseClass: NativeClass:/Script/Engine.StaticMeshActor Name:StaticMeshActor_UAID_2CDB0791DC86542402_1259154310 Label:Modular_Set_1_Cube_180 SpatiallyLoaded:1 Bounds:IsValid=true, Min=(X=649.233 Y=400.216 Z=-20.771), Max=(X=1090.767 Y=841.784 Z=20.771) RuntimeGrid:None EditorOnly:0 RuntimeOnly:0 HLODRelevant:1 ListedInSceneOutliner:1 IsMainWorldOnly:0
 |   |   |- Guid:962D6BE34E7839A2A94E65B8F6CE5D43 BaseClass: NativeClass:/Script/Engine.PlayerStart Name:PlayerStart_UAID_F02F74551BF5599B01_1153002503 Label:PlayerStart SpatiallyLoaded:0 Bounds:IsValid=true, Min=(X=840.000 Y=210.000 Z=86.000), Max=(X=880.000 Y=250.000 Z=178.000) RuntimeGrid:None EditorOnly:0 RuntimeOnly:0 HLODRelevant:0 ListedInSceneOutliner:1 IsMainWorldOnly:0
 |   |   |- Guid:AAAC6B5742760A58C2206DB37E44683C BaseClass: NativeClass:/Script/Engine.DirectionalLight Name:DirectionalLight_UAID_A85E45CFE40401D200_1470382761 Label:DirectionalLight SpatiallyLoaded:0 Bounds:IsValid=true, Min=(X=-4398046511104.000 Y=-4398046511104.000 Z=-4398046511104.000), Max=(X=4398046511104.000 Y=4398046511104.000 Z=4398046511104.000) RuntimeGrid:None EditorOnly:0 RuntimeOnly:0 HLODRelevant:0 ListedInSceneOutliner:1 IsMainWorldOnly:0 FolderPath:Lighting FolderGuid:B7E9BD5B45A652654791988DEF54CCEB
 |   |   |- Guid:BA03671A406AFC123DC09C9BEA1C2628 BaseClass: NativeClass:/Script/Engine.StaticMeshActor Name:StaticMeshActor_UAID_2CDB0791DC86542402_1335154314 Label:drone_Box001 SpatiallyLoaded:1 Bounds:IsValid=true, Min=(X=480.867 Y=62.486 Z=131.464), Max=(X=579.133 Y=279.024 Z=278.198) RuntimeGrid:None EditorOnly:0 RuntimeOnly:0 HLODRelevant:1 ListedInSceneOutliner:1 IsMainWorldOnly:0
 |   |   |- Guid:CA4EAE154F53F6DC85B8FF8444FD1EC7 BaseClass: NativeClass:/Script/Engine.StaticMeshActor Name:StaticMeshActor_UAID_2CDB0791DC86542402_1259143308 Label:Modular_Set_1_Cube_178 SpatiallyLoaded:1 Bounds:IsValid=true, Min=(X=1090.233 Y=-479.784 Z=-20.771), Max=(X=1531.767 Y=-38.216 Z=20.771) RuntimeGrid:None EditorOnly:0 RuntimeOnly:0 HLODRelevant:1 ListedInSceneOutliner:1 IsMainWorldOnly:0
 |   |   |- Guid:D3FB7383421AAEFD3DB6F8B1E415A9FE BaseClass: NativeClass:/Script/Engine.ExponentialHeightFog Name:ExponentialHeightFog_UAID_A85E45CFE40401D200_1470382763 Label:ExponentialHeightFog SpatiallyLoaded:0 Bounds:IsValid=true, Min=(X=-5600.000 Y=-50.000 Z=-6850.000), Max=(X=-5600.000 Y=-50.000 Z=-6850.000) RuntimeGrid:None EditorOnly:0 RuntimeOnly:0 HLODRelevant:0 ListedInSceneOutliner:1 IsMainWorldOnly:0 FolderPath:Lighting FolderGuid:B7E9BD5B45A652654791988DEF54CCEB
 |   |   |- Guid:D6935E214C22574F42B6C29D5DE113AB BaseClass: NativeClass:/Script/Engine.StaticMeshActor Name:StaticMeshActor_UAID_2CDB0791DC86542402_1259166313 Label:Modular_Set_1_Cube_183 SpatiallyLoaded:1 Bounds:IsValid=true, Min=(X=1090.233 Y=842.216 Z=-20.771), Max=(X=1531.767 Y=1283.784 Z=20.771) RuntimeGrid:None EditorOnly:0 RuntimeOnly:0 HLODRelevant:1 ListedInSceneOutliner:1 IsMainWorldOnly:0
 |   |   |- Guid:DEAAB746499D54AD6C659988B280C473 BaseClass: NativeClass:/Script/Engine.StaticMeshActor Name:StaticMeshActor_UAID_2CDB0791DC86542402_1191064299 Label:Modular_Set_1_Cube_169 SpatiallyLoaded:1 Bounds:IsValid=true, Min=(X=-220.767 Y=-37.784 Z=-20.771), Max=(X=220.767 Y=403.784 Z=20.771) RuntimeGrid:None EditorOnly:0 RuntimeOnly:0 HLODRelevant:1 ListedInSceneOutliner:1 IsMainWorldOnly:0
 |   |   |- Guid:F07132A2485E70EF6636EDB011714201 BaseClass: NativeClass:/Script/Engine.StaticMeshActor Name:StaticMeshActor_UAID_2CDB0791DC86542402_1259159311 Label:Modular_Set_1_Cube_181 SpatiallyLoaded:1 Bounds:IsValid=true, Min=(X=649.233 Y=842.216 Z=-20.771), Max=(X=1090.767 Y=1283.784 Z=20.771) RuntimeGrid:None EditorOnly:0 RuntimeOnly:0 HLODRelevant:1 ListedInSceneOutliner:1 IsMainWorldOnly:0
 |   |- [+] Clusters:
 |   |   |- [+] [  0]
 |   |   |   |- Guid:03920DF94EEFC9F86CC66185D32A3DA1 BaseClass: NativeClass:/Script/Engine.StaticMeshActor Name:StaticMeshActor_UAID_A4AE111137DC54FB00_1240666663 Label:SM_SkySphere SpatiallyLoaded:0 Bounds:IsValid=true, Min=(X=-1638400.000 Y=-1638400.000 Z=-1638400.000), Max=(X=1638400.000 Y=1638400.000 Z=1638400.000) RuntimeGrid:None EditorOnly:0 RuntimeOnly:0 HLODRelevant:0 ListedInSceneOutliner:1 IsMainWorldOnly:0 FolderPath:Lighting FolderGuid:B7E9BD5B45A652654791988DEF54CCEB
 |   |   |- [+] [  1]
 |   |   |   |- Guid:04C94C9F4750ABE3EEE7EFA4235EA4FD BaseClass: NativeClass:/Script/Engine.StaticMeshActor Name:StaticMeshActor_UAID_2CDB0791DC86532402_1295455122 Label:Modular_Set_1_Cube_168 SpatiallyLoaded:1 Bounds:IsValid=true, Min=(X=-220.767 Y=-479.784 Z=-20.771), Max=(X=220.767 Y=-38.216 Z=20.771) RuntimeGrid:None EditorOnly:0 RuntimeOnly:0 HLODRelevant:1 ListedInSceneOutliner:1 IsMainWorldOnly:0
 |   |   |- [+] [  2]
 |   |   |   |- Guid:0525B4E24000442CC035AE97865CBF3F BaseClass: NativeClass:/Script/Engine.SpotLight Name:SpotLight_UAID_18C04D8E453CB12302_1578086623 Label:SpotLight SpatiallyLoaded:1 Bounds:IsValid=true, Min=(X=-586.842 Y=-962.704 Z=-604.989), Max=(X=547.586 Y=171.725 Z=529.439) RuntimeGrid:None EditorOnly:0 RuntimeOnly:0 HLODRelevant:0 ListedInSceneOutliner:1 IsMainWorldOnly:0
 |   |   |- [+] [  3]
 |   |   |   |- Guid:14FB03664D18634205773E9B4078E185 BaseClass: NativeClass:/Script/Engine.StaticMeshActor Name:StaticMeshActor_UAID_2CDB0791DC86542402_1248647304 Label:Modular_Set_1_Cube_174 SpatiallyLoaded:1 Bounds:IsValid=true, Min=(X=220.233 Y=400.216 Z=-20.771), Max=(X=661.767 Y=841.784 Z=20.771) RuntimeGrid:None EditorOnly:0 RuntimeOnly:0 HLODRelevant:1 ListedInSceneOutliner:1 IsMainWorldOnly:0
 |   |   |- [+] [  4]
 |   |   |   |- Guid:163D47644C0EB8F9A19D8D9AC7C4730C BaseClass: NativeClass:/Script/Engine.StaticMeshActor Name:StaticMeshActor_UAID_2CDB0791DC86542402_1248639303 Label:Modular_Set_1_Cube_173 SpatiallyLoaded:1 Bounds:IsValid=true, Min=(X=-220.767 Y=842.216 Z=-20.771), Max=(X=220.767 Y=1283.784 Z=20.771) RuntimeGrid:None EditorOnly:0 RuntimeOnly:0 HLODRelevant:1 ListedInSceneOutliner:1 IsMainWorldOnly:0
 |   |   |- [+] [  5]
 |   |   |   |- Guid:1DE8D7AC4103A2EABA11649C7FCF8ACA BaseClass: NativeClass:/Script/Engine.SkyLight Name:SkyLight_UAID_A85E45CFE40401D200_1470380759 Label:SkyLight SpatiallyLoaded:0 Bounds:IsValid=true, Min=(X=0.000 Y=0.000 Z=0.000), Max=(X=0.000 Y=0.000 Z=0.000) RuntimeGrid:None EditorOnly:0 RuntimeOnly:0 HLODRelevant:0 ListedInSceneOutliner:1 IsMainWorldOnly:0 FolderPath:Lighting FolderGuid:B7E9BD5B45A652654791988DEF54CCEB
 |   |   |- [+] [  6]
 |   |   |   |- Guid:218E3B124735712D7EF272B4FB8E7FF6 BaseClass: NativeClass:/Script/Landscape.Landscape Name:Landscape_UAID_A85E45CFE404FBD100_1221515703 Label:Landscape SpatiallyLoaded:0 Bounds:IsValid=true, Min=(X=-100800.000 Y=-100800.000 Z=100.000), Max=(X=-100800.000 Y=-100800.000 Z=100.000) RuntimeGrid:None EditorOnly:0 RuntimeOnly:0 HLODRelevant:0 ListedInSceneOutliner:1 IsMainWorldOnly:0
 |   |   |- [+] [  7]
 |   |   |   |- Guid:2C9D4913408ABD3464D918A1685E7C08 BaseClass: NativeClass:/Script/Engine.StaticMeshActor Name:StaticMeshActor_UAID_2CDB0791DC86542402_1259139307 Label:Modular_Set_1_Cube_177 SpatiallyLoaded:1 Bounds:IsValid=true, Min=(X=649.233 Y=-37.784 Z=-20.771), Max=(X=1090.767 Y=403.784 Z=20.771) RuntimeGrid:None EditorOnly:0 RuntimeOnly:0 HLODRelevant:1 ListedInSceneOutliner:1 IsMainWorldOnly:0
 |   |   |- [+] [  8]
 |   |   |   |- Guid:2CE12F874AA39D020A0F4BA5739BD305 BaseClass: NativeClass:/Script/Engine.SkyAtmosphere Name:SkyAtmosphere_UAID_A85E45CFE40401D200_1470382762 Label:SkyAtmosphere SpatiallyLoaded:0 Bounds:IsValid=true, Min=(X=0.000 Y=0.000 Z=0.000), Max=(X=0.000 Y=0.000 Z=0.000) RuntimeGrid:None EditorOnly:0 RuntimeOnly:0 HLODRelevant:0 ListedInSceneOutliner:1 IsMainWorldOnly:0 FolderPath:Lighting FolderGuid:B7E9BD5B45A652654791988DEF54CCEB
 |   |   |- [+] [  9]
 |   |   |   |- Guid:2E5E023E4BF02D02CACD2A9286E4DF6F BaseClass: NativeClass:/Script/Engine.StaticMeshActor Name:StaticMeshActor_UAID_2CDB0791DC86542402_1205296301 Label:Modular_Set_1_Cube_171 SpatiallyLoaded:1 Bounds:IsValid=true, Min=(X=220.233 Y=-37.784 Z=-20.771), Max=(X=661.767 Y=403.784 Z=20.771) RuntimeGrid:None EditorOnly:0 RuntimeOnly:0 HLODRelevant:1 ListedInSceneOutliner:1 IsMainWorldOnly:0
 |   |   |- [+] [ 10]
 |   |   |   |- Guid:4173A73D45A20ED7C7D53283C68C376A BaseClass: NativeClass:/Script/Engine.StaticMeshActor Name:StaticMeshActor_UAID_2CDB0791DC86542402_1259163312 Label:Modular_Set_1_Cube_182 SpatiallyLoaded:1 Bounds:IsValid=true, Min=(X=1090.233 Y=400.216 Z=-20.771), Max=(X=1531.767 Y=841.784 Z=20.771) RuntimeGrid:None EditorOnly:0 RuntimeOnly:0 HLODRelevant:1 ListedInSceneOutliner:1 IsMainWorldOnly:0
 |   |   |- [+] [ 11]
 |   |   |   |- Guid:470EF80A423457FA5189C6A4C4496140 BaseClass: NativeClass:/Script/Engine.StaticMeshActor Name:StaticMeshActor_UAID_2CDB0791DC86542402_1248613302 Label:Modular_Set_1_Cube_172 SpatiallyLoaded:1 Bounds:IsValid=true, Min=(X=-220.767 Y=400.216 Z=-20.771), Max=(X=220.767 Y=841.784 Z=20.771) RuntimeGrid:None EditorOnly:0 RuntimeOnly:0 HLODRelevant:1 ListedInSceneOutliner:1 IsMainWorldOnly:0
 |   |   |- [+] [ 12]
 |   |   |   |- Guid:5368FABB47D6D9580DAECA8B0417BF92 BaseClass: NativeClass:/Script/Engine.WorldDataLayers Name:WorldDataLayers Label:WorldDataLayers-1 SpatiallyLoaded:0 Bounds:Invalid RuntimeGrid:None EditorOnly:0 RuntimeOnly:0 HLODRelevant:0 ListedInSceneOutliner:1 IsMainWorldOnly:1
 |   |   |- [+] [ 13]
 |   |   |   |- Guid:5C1414DC49803D58E7547E9711B9CDE2 BaseClass: NativeClass:/Script/Engine.StaticMeshActor Name:StaticMeshActor_UAID_2CDB0791DC86542402_1259133306 Label:Modular_Set_1_Cube_176 SpatiallyLoaded:1 Bounds:IsValid=true, Min=(X=649.233 Y=-479.784 Z=-20.771), Max=(X=1090.767 Y=-38.216 Z=20.771) RuntimeGrid:None EditorOnly:0 RuntimeOnly:0 HLODRelevant:1 ListedInSceneOutliner:1 IsMainWorldOnly:0
 |   |   |- [+] [ 14]
 |   |   |   |- Guid:61AD65A848BDCEAB8D9406B8D9B466DE BaseClass: NativeClass:/Script/Engine.StaticMeshActor Name:StaticMeshActor_UAID_2CDB0791DC86542402_1259147309 Label:Modular_Set_1_Cube_179 SpatiallyLoaded:1 Bounds:IsValid=true, Min=(X=1090.233 Y=-37.784 Z=-20.771), Max=(X=1531.767 Y=403.784 Z=20.771) RuntimeGrid:None EditorOnly:0 RuntimeOnly:0 HLODRelevant:1 ListedInSceneOutliner:1 IsMainWorldOnly:0
 |   |   |- [+] [ 15]
 |   |   |   |- Guid:6321C1FF45050AF461CB28A1AC1214B0 BaseClass: NativeClass:/Script/Engine.StaticMeshActor Name:StaticMeshActor_UAID_2CDB0791DC86542402_1248649305 Label:Modular_Set_1_Cube_175 SpatiallyLoaded:1 Bounds:IsValid=true, Min=(X=220.233 Y=842.216 Z=-20.771), Max=(X=661.767 Y=1283.784 Z=20.771) RuntimeGrid:None EditorOnly:0 RuntimeOnly:0 HLODRelevant:1 ListedInSceneOutliner:1 IsMainWorldOnly:0
 |   |   |- [+] [ 16]
 |   |   |   |- Guid:826BE4BA4F95D9E46B4F6EB0C679A453 BaseClass: NativeClass:/Script/Engine.StaticMeshActor Name:StaticMeshActor_UAID_2CDB0791DC86542402_1205293300 Label:Modular_Set_1_Cube_170 SpatiallyLoaded:1 Bounds:IsValid=true, Min=(X=220.233 Y=-479.784 Z=-20.771), Max=(X=661.767 Y=-38.216 Z=20.771) RuntimeGrid:None EditorOnly:0 RuntimeOnly:0 HLODRelevant:1 ListedInSceneOutliner:1 IsMainWorldOnly:0
 |   |   |- [+] [ 17]
 |   |   |   |- Guid:8FB8F6A8404812E38C3304BC3D953E8A BaseClass: NativeClass:/Script/Engine.StaticMeshActor Name:StaticMeshActor_UAID_2CDB0791DC86542402_1259154310 Label:Modular_Set_1_Cube_180 SpatiallyLoaded:1 Bounds:IsValid=true, Min=(X=649.233 Y=400.216 Z=-20.771), Max=(X=1090.767 Y=841.784 Z=20.771) RuntimeGrid:None EditorOnly:0 RuntimeOnly:0 HLODRelevant:1 ListedInSceneOutliner:1 IsMainWorldOnly:0
 |   |   |- [+] [ 18]
 |   |   |   |- Guid:962D6BE34E7839A2A94E65B8F6CE5D43 BaseClass: NativeClass:/Script/Engine.PlayerStart Name:PlayerStart_UAID_F02F74551BF5599B01_1153002503 Label:PlayerStart SpatiallyLoaded:0 Bounds:IsValid=true, Min=(X=840.000 Y=210.000 Z=86.000), Max=(X=880.000 Y=250.000 Z=178.000) RuntimeGrid:None EditorOnly:0 RuntimeOnly:0 HLODRelevant:0 ListedInSceneOutliner:1 IsMainWorldOnly:0
 |   |   |- [+] [ 19]
 |   |   |   |- Guid:AAAC6B5742760A58C2206DB37E44683C BaseClass: NativeClass:/Script/Engine.DirectionalLight Name:DirectionalLight_UAID_A85E45CFE40401D200_1470382761 Label:DirectionalLight SpatiallyLoaded:0 Bounds:IsValid=true, Min=(X=-4398046511104.000 Y=-4398046511104.000 Z=-4398046511104.000), Max=(X=4398046511104.000 Y=4398046511104.000 Z=4398046511104.000) RuntimeGrid:None EditorOnly:0 RuntimeOnly:0 HLODRelevant:0 ListedInSceneOutliner:1 IsMainWorldOnly:0 FolderPath:Lighting FolderGuid:B7E9BD5B45A652654791988DEF54CCEB
 |   |   |- [+] [ 20]
 |   |   |   |- Guid:BA03671A406AFC123DC09C9BEA1C2628 BaseClass: NativeClass:/Script/Engine.StaticMeshActor Name:StaticMeshActor_UAID_2CDB0791DC86542402_1335154314 Label:drone_Box001 SpatiallyLoaded:1 Bounds:IsValid=true, Min=(X=480.867 Y=62.486 Z=131.464), Max=(X=579.133 Y=279.024 Z=278.198) RuntimeGrid:None EditorOnly:0 RuntimeOnly:0 HLODRelevant:1 ListedInSceneOutliner:1 IsMainWorldOnly:0
 |   |   |- [+] [ 21]
 |   |   |   |- Guid:CA4EAE154F53F6DC85B8FF8444FD1EC7 BaseClass: NativeClass:/Script/Engine.StaticMeshActor Name:StaticMeshActor_UAID_2CDB0791DC86542402_1259143308 Label:Modular_Set_1_Cube_178 SpatiallyLoaded:1 Bounds:IsValid=true, Min=(X=1090.233 Y=-479.784 Z=-20.771), Max=(X=1531.767 Y=-38.216 Z=20.771) RuntimeGrid:None EditorOnly:0 RuntimeOnly:0 HLODRelevant:1 ListedInSceneOutliner:1 IsMainWorldOnly:0
 |   |   |- [+] [ 22]
 |   |   |   |- Guid:D3FB7383421AAEFD3DB6F8B1E415A9FE BaseClass: NativeClass:/Script/Engine.ExponentialHeightFog Name:ExponentialHeightFog_UAID_A85E45CFE40401D200_1470382763 Label:ExponentialHeightFog SpatiallyLoaded:0 Bounds:IsValid=true, Min=(X=-5600.000 Y=-50.000 Z=-6850.000), Max=(X=-5600.000 Y=-50.000 Z=-6850.000) RuntimeGrid:None EditorOnly:0 RuntimeOnly:0 HLODRelevant:0 ListedInSceneOutliner:1 IsMainWorldOnly:0 FolderPath:Lighting FolderGuid:B7E9BD5B45A652654791988DEF54CCEB
 |   |   |- [+] [ 23]
 |   |   |   |- Guid:D6935E214C22574F42B6C29D5DE113AB BaseClass: NativeClass:/Script/Engine.StaticMeshActor Name:StaticMeshActor_UAID_2CDB0791DC86542402_1259166313 Label:Modular_Set_1_Cube_183 SpatiallyLoaded:1 Bounds:IsValid=true, Min=(X=1090.233 Y=842.216 Z=-20.771), Max=(X=1531.767 Y=1283.784 Z=20.771) RuntimeGrid:None EditorOnly:0 RuntimeOnly:0 HLODRelevant:1 ListedInSceneOutliner:1 IsMainWorldOnly:0
 |   |   |- [+] [ 24]
 |   |   |   |- Guid:DEAAB746499D54AD6C659988B280C473 BaseClass: NativeClass:/Script/Engine.StaticMeshActor Name:StaticMeshActor_UAID_2CDB0791DC86542402_1191064299 Label:Modular_Set_1_Cube_169 SpatiallyLoaded:1 Bounds:IsValid=true, Min=(X=-220.767 Y=-37.784 Z=-20.771), Max=(X=220.767 Y=403.784 Z=20.771) RuntimeGrid:None EditorOnly:0 RuntimeOnly:0 HLODRelevant:1 ListedInSceneOutliner:1 IsMainWorldOnly:0
 |   |   |- [+] [ 25]
 |   |   |   |- Guid:F07132A2485E70EF6636EDB011714201 BaseClass: NativeClass:/Script/Engine.StaticMeshActor Name:StaticMeshActor_UAID_2CDB0791DC86542402_1259159311 Label:Modular_Set_1_Cube_181 SpatiallyLoaded:1 Bounds:IsValid=true, Min=(X=649.233 Y=842.216 Z=-20.771), Max=(X=1090.767 Y=1283.784 Z=20.771) RuntimeGrid:None EditorOnly:0 RuntimeOnly:0 HLODRelevant:1 ListedInSceneOutliner:1 IsMainWorldOnly:0
 |- ContainerInstances:
 |- [+] MainContainer:
 |   |-        ID: 00000000000000000000000000000000
 |   |-  ParentID: 00000000000000000000000000000000
 |   |-    Bounds: IsValid=true, Min=(X=-586.842 Y=-962.704 Z=-604.989), Max=(X=1531.767 Y=1283.784 Z=529.439)
 |   |- Transform: 0.000000,0.000000,0.000000|0.000000,0.000000,-0.000000|1.000000,1.000000,1.000000
 |   |- Container: /Game/Levels/Untitled
